#
# There is insufficient memory for the Java Runtime Environment to continue.
# Native memory allocation (mmap) failed to map 266338304 bytes for G1 virtual space
# Possible reasons:
#   The system is out of physical RAM or swap space
#   The process is running with CompressedOops enabled, and the Java Heap may be blocking the growth of the native heap
# Possible solutions:
#   Reduce memory load on the system
#   Increase physical memory or swap space
#   Check if swap backing store is full
#   Decrease Java heap size (-Xmx/-Xms)
#   Decrease number of Java threads
#   Decrease Java thread stack sizes (-Xss)
#   Set larger code cache with -XX:ReservedCodeCacheSize=
#   JVM is running with Zero Based Compressed Oops mode in which the Java heap is
#     placed in the first 32GB address space. The Java Heap base address is the
#     maximum limit for the native heap growth. Please use -XX:HeapBaseMinAddress
#     to set the Java Heap base and to place the Java Heap above 32GB virtual address.
# This output file may be truncated or incomplete.
#
#  Out of Memory Error (os_windows.cpp:3753), pid=3032, tid=26820
#
# JRE version:  (17.0.4.1+7) (build )
# Java VM: OpenJDK 64-Bit Server VM (17.0.4.1+7-b469.62, mixed mode, sharing, tiered, compressed oops, compressed class ptrs, g1 gc, windows-amd64)
# No core dump will be written. Minidumps are not enabled by default on client versions of Windows
#

---------------  S U M M A R Y ------------

Command Line: git4idea.http.GitAskPassApp Username for 'https://github.com': 

Host: Intel(R) Core(TM) i5-10200H CPU @ 2.40GHz, 8 cores, 15G,  Windows 11 , 64 bit Build 22000 (10.0.22000.708)
Time: Sun Oct 16 18:28:09 2022 Egypt Standard Time elapsed time: 0.011195 seconds (0d 0h 0m 0s)

---------------  T H R E A D  ---------------

Current thread (0x0000024a4df76380):  JavaThread "Unknown thread" [_thread_in_vm, id=26820, stack(0x000000c57e300000,0x000000c57e400000)]

Stack: [0x000000c57e300000,0x000000c57e400000]
Native frames: (J=compiled Java code, j=interpreted, Vv=VM code, C=native code)
V  [jvm.dll+0x68356a]
V  [jvm.dll+0x83fab4]
V  [jvm.dll+0x84125e]
V  [jvm.dll+0x8418c3]
V  [jvm.dll+0x249735]
V  [jvm.dll+0x680439]
V  [jvm.dll+0x674a7a]
V  [jvm.dll+0x30956b]
V  [jvm.dll+0x310a26]
V  [jvm.dll+0x36089e]
V  [jvm.dll+0x360acf]
V  [jvm.dll+0x2df658]
V  [jvm.dll+0x2e05c4]
V  [jvm.dll+0x8112a1]
V  [jvm.dll+0x36e6f1]
V  [jvm.dll+0x7f076c]
V  [jvm.dll+0x3f180f]
V  [jvm.dll+0x3f3351]
C  [jli.dll+0x526b]
C  [ucrtbase.dll+0x26c0c]
C  [KERNEL32.DLL+0x154e0]
C  [ntdll.dll+0x485b]


---------------  P R O C E S S  ---------------

Threads class SMR info:
_java_thread_list=0x00007ff817247f58, length=0, elements={
}

Java Threads: ( => current thread )

Other Threads:
  0x0000024a4dfdf960 GCTaskThread "GC Thread#0" [stack: 0x000000c57e400000,0x000000c57e500000] [id=17164]
  0x0000024a4dff0580 ConcurrentGCThread "G1 Main Marker" [stack: 0x000000c57e500000,0x000000c57e600000] [id=22596]
  0x0000024a4dff1630 ConcurrentGCThread "G1 Conc#0" [stack: 0x000000c57e600000,0x000000c57e700000] [id=24252]

[error occurred during error reporting (printing all threads), id 0xc0000005, EXCEPTION_ACCESS_VIOLATION (0xc0000005) at pc=0x00007ff816a00217]

VM state: not at safepoint (not fully initialized)

VM Mutex/Monitor currently owned by a thread:  ([mutex/lock_event])
[0x0000024a4df72f90] Heap_lock - owner thread: 0x0000024a4df76380

Heap address: 0x0000000703800000, size: 4040 MB, Compressed Oops mode: Zero based, Oop shift amount: 3

CDS archive(s) mapped at: [0x0000000000000000-0x0000000000000000-0x0000000000000000), size 0, SharedBaseAddress: 0x0000000800000000, ArchiveRelocationMode: 0.
Narrow klass base: 0x0000000000000000, Narrow klass shift: 0, Narrow klass range: 0x0

GC Precious Log:
<Empty>

Heap:
 garbage-first heap   total 0K, used 0K [0x0000000703800000, 0x0000000800000000)
  region size 2048K, 0 young (0K), 0 survivors (0K)

[error occurred during error reporting (printing heap information), id 0xc0000005, EXCEPTION_ACCESS_VIOLATION (0xc0000005) at pc=0x00007ff816ded1f9]

GC Heap History (0 events):
No events

Deoptimization events (0 events):
No events

Classes unloaded (0 events):
No events

Classes redefined (0 events):
No events

Internal exceptions (0 events):
No events

VM Operations (0 events):
No events

Events (1 events):
Event: 0.006 Loaded shared library C:\Program Files\JetBrains\PhpStorm 2022.1.3\jbr\bin\java.dll


Dynamic libraries:
0x00007ff7f94a0000 - 0x00007ff7f94aa000 	C:\Program Files\JetBrains\PhpStorm 2022.1.3\jbr\bin\java.exe
0x00007ff8e8fe0000 - 0x00007ff8e91e9000 	C:\WINDOWS\SYSTEM32\ntdll.dll
0x00007ff8e8430000 - 0x00007ff8e84ed000 	C:\WINDOWS\System32\KERNEL32.DLL
0x00007ff8e69c0000 - 0x00007ff8e6d3b000 	C:\WINDOWS\System32\KERNELBASE.dll
0x00007ff8e64b0000 - 0x00007ff8e65c1000 	C:\WINDOWS\System32\ucrtbase.dll
0x00007ff8a4a40000 - 0x00007ff8a4a57000 	C:\Program Files\JetBrains\PhpStorm 2022.1.3\jbr\bin\jli.dll
0x00007ff8a41d0000 - 0x00007ff8a41eb000 	C:\Program Files\JetBrains\PhpStorm 2022.1.3\jbr\bin\VCRUNTIME140.dll
0x00007ff8e6e80000 - 0x00007ff8e702d000 	C:\WINDOWS\System32\USER32.dll
0x00007ff8d1900000 - 0x00007ff8d1ba5000 	C:\WINDOWS\WinSxS\amd64_microsoft.windows.common-controls_6595b64144ccf1df_6.0.22000.120_none_9d947278b86cc467\COMCTL32.dll
0x00007ff8e65d0000 - 0x00007ff8e65f6000 	C:\WINDOWS\System32\win32u.dll
0x00007ff8e8c10000 - 0x00007ff8e8cb3000 	C:\WINDOWS\System32\msvcrt.dll
0x00007ff8e84f0000 - 0x00007ff8e8519000 	C:\WINDOWS\System32\GDI32.dll
0x00007ff8e6d40000 - 0x00007ff8e6e58000 	C:\WINDOWS\System32\gdi32full.dll
0x00007ff8e6920000 - 0x00007ff8e69bd000 	C:\WINDOWS\System32\msvcp_win.dll
0x00007ff8e8760000 - 0x00007ff8e8791000 	C:\WINDOWS\System32\IMM32.DLL
0x00007ff8c93f0000 - 0x00007ff8c93fc000 	C:\Program Files\JetBrains\PhpStorm 2022.1.3\jbr\bin\vcruntime140_1.dll
0x00007ff86c650000 - 0x00007ff86c6dd000 	C:\Program Files\JetBrains\PhpStorm 2022.1.3\jbr\bin\msvcp140.dll
0x00007ff816710000 - 0x00007ff817379000 	C:\Program Files\JetBrains\PhpStorm 2022.1.3\jbr\bin\server\jvm.dll
0x00007ff8e8b40000 - 0x00007ff8e8bee000 	C:\WINDOWS\System32\ADVAPI32.dll
0x00007ff8e71b0000 - 0x00007ff8e724e000 	C:\WINDOWS\System32\sechost.dll
0x00007ff8e7260000 - 0x00007ff8e7380000 	C:\WINDOWS\System32\RPCRT4.dll
0x00007ff8e77f0000 - 0x00007ff8e77f8000 	C:\WINDOWS\System32\PSAPI.DLL
0x00007ff8d1ca0000 - 0x00007ff8d1ca9000 	C:\WINDOWS\SYSTEM32\WSOCK32.dll
0x00007ff8de6a0000 - 0x00007ff8de6d3000 	C:\WINDOWS\SYSTEM32\WINMM.dll
0x00007ff8dbc80000 - 0x00007ff8dbc8a000 	C:\WINDOWS\SYSTEM32\VERSION.dll
0x00007ff8e8ed0000 - 0x00007ff8e8f3f000 	C:\WINDOWS\System32\WS2_32.dll
0x00007ff8e55e0000 - 0x00007ff8e55f8000 	C:\WINDOWS\SYSTEM32\kernel.appcore.dll
0x00007ff8de5f0000 - 0x00007ff8de5fa000 	C:\Program Files\JetBrains\PhpStorm 2022.1.3\jbr\bin\jimage.dll
0x00007ff8e4030000 - 0x00007ff8e4251000 	C:\WINDOWS\SYSTEM32\DBGHELP.DLL
0x00007ff8db450000 - 0x00007ff8db481000 	C:\WINDOWS\SYSTEM32\dbgcore.DLL
0x00007ff8e68a0000 - 0x00007ff8e691f000 	C:\WINDOWS\System32\bcryptPrimitives.dll
0x00007ff8c6160000 - 0x00007ff8c6185000 	C:\Program Files\JetBrains\PhpStorm 2022.1.3\jbr\bin\java.dll

dbghelp: loaded successfully - version: 4.0.5 - missing functions: none
symbol engine: initialized successfully - sym options: 0x614 - pdb path: .;C:\Program Files\JetBrains\PhpStorm 2022.1.3\jbr\bin;C:\WINDOWS\SYSTEM32;C:\WINDOWS\WinSxS\amd64_microsoft.windows.common-controls_6595b64144ccf1df_6.0.22000.120_none_9d947278b86cc467;C:\Program Files\JetBrains\PhpStorm 2022.1.3\jbr\bin\server

VM Arguments:
java_command: git4idea.http.GitAskPassApp Username for 'https://github.com': 
java_class_path (initial): C:/Program Files/JetBrains/PhpStorm 2022.1.3/plugins/git4idea/lib/git4idea-rt.jar;C:/Program Files/JetBrains/PhpStorm 2022.1.3/lib/externalProcess-rt.jar;C:/Program Files/JetBrains/PhpStorm 2022.1.3/lib/app.jar;C:/Program Files/JetBrains/PhpStorm 2022.1.3/lib/3rd-party-rt.jar
Launcher Type: SUN_STANDARD

[Global flags]
     intx CICompilerCount                          = 4                                         {product} {ergonomic}
     uint ConcGCThreads                            = 2                                         {product} {ergonomic}
     uint G1ConcRefinementThreads                  = 8                                         {product} {ergonomic}
   size_t G1HeapRegionSize                         = 2097152                                   {product} {ergonomic}
    uintx GCDrainStackTargetSize                   = 64                                        {product} {ergonomic}
   size_t InitialHeapSize                          = 266338304                                 {product} {ergonomic}
   size_t MarkStackSize                            = 4194304                                   {product} {ergonomic}
   size_t MaxHeapSize                              = 4236247040                                {product} {ergonomic}
   size_t MinHeapDeltaBytes                        = 2097152                                   {product} {ergonomic}
   size_t MinHeapSize                              = 8388608                                   {product} {ergonomic}
    uintx NonNMethodCodeHeapSize                   = 5839372                                {pd product} {ergonomic}
    uintx NonProfiledCodeHeapSize                  = 122909434                              {pd product} {ergonomic}
    uintx ProfiledCodeHeapSize                     = 122909434                              {pd product} {ergonomic}
    uintx ReservedCodeCacheSize                    = 251658240                              {pd product} {ergonomic}
     bool SegmentedCodeCache                       = true                                      {product} {ergonomic}
   size_t SoftMaxHeapSize                          = 4236247040                             {manageable} {ergonomic}
     bool UseCompressedClassPointers               = true                           {product lp64_product} {ergonomic}
     bool UseCompressedOops                        = true                           {product lp64_product} {ergonomic}
     bool UseG1GC                                  = true                                      {product} {ergonomic}
     bool UseLargePagesIndividualAllocation        = false                                  {pd product} {ergonomic}

Logging:
Log output configuration:
 #0: stdout all=warning uptime,level,tags
 #1: stderr all=off uptime,level,tags

Environment Variables:
PATH=C:\Program Files\Git\mingw64\libexec\git-core;C:\Program Files\Git\mingw64\libexec\git-core;C:\Program Files\Git\mingw64\bin;C:\Program Files\Git\usr\bin;C:\Users\dell\bin;C:\Program Files (x86)\Common Files\Oracle\Java\javapath;C:\Windows\system32;C:\Windows;C:\Windows\System32\Wbem;C:\Windows\System32\WindowsPowerShell\v1.0;C:\Windows\System32\OpenSSH;C:\Program Files (x86)\NVIDIA Corporation\PhysX\Common;C:\Program Files\dotnet;C:\Program Files\nodejs;C:\WINDOWS\system32;C:\WINDOWS;C:\WINDOWS\System32\Wbem;C:\WINDOWS\System32\WindowsPowerShell\v1.0;C:\WINDOWS\System32\OpenSSH;C:\Program Files\NVIDIA Corporation\NVIDIA NvDLISR;C:\Program Files\Microsoft SQL Server\150\Tools\Binn;C:\Program Files\Git\cmd;C:\Program Files\Amazon\AWSCLIV2;C:\Program Files (x86)\dotnet;C:\Program Files\PuTTY;C:\Program Files\PowerShell\7;C:\Users\dell\AppData\Local\Programs\Python\Python37\Scripts;C:\Users\dell\AppData\Local\Packages\PythonSoftwareFoundation.Python.3.10_qbz5n2kfra8p0\LocalCache\local-packages\Python310\Scripts;C:\Program Files\Docker\Docker\resources\bin;C:\ProgramData\DockerDesktop\version-bin;C:\Users\dell\AppData\Local\Microsoft\WindowsApps;C:\Users\dell\AppData\Local\Programs\Microsoft VS Code\bin;C:\Users\dell\AppData\Roaming\npm;C:\Users\dell\.dotnet\tools;C:\xampp\php;C:\Users\dell\composer;C:\Users\dell\AppData\Roaming\Composer\vendor\bin;C:\Program Files\JetBrains\PhpStorm 2022.1.3\bin
USERNAME=dell
DISPLAY=:0.0
LC_ALL=en_US.UTF-8
TERM=cygwin
TMPDIR=C:\Users\dell\AppData\Local\Temp
OS=Windows_NT
PROCESSOR_IDENTIFIER=Intel64 Family 6 Model 165 Stepping 2, GenuineIntel
TMP=C:\Users\dell\AppData\Local\Temp
TEMP=C:\Users\dell\AppData\Local\Temp



---------------  S Y S T E M  ---------------

OS:
 Windows 11 , 64 bit Build 22000 (10.0.22000.708)
OS uptime: 2 days 6:17 hours
Hyper-V role detected

CPU: total 8 (initial active 8) (4 cores per cpu, 2 threads per core) family 6 model 165 stepping 2 microcode 0xf0, cx8, cmov, fxsr, ht, mmx, 3dnowpref, sse, sse2, sse3, ssse3, sse4.1, sse4.2, popcnt, lzcnt, tsc, tscinvbit, avx, avx2, aes, erms, clmul, bmi1, bmi2, adx, fma, vzeroupper, clflush, clflushopt, hv

Memory: 4k page, system-wide physical 16159M (2617M free)
TotalPageFile size 28960M (AvailPageFile size 183M)
current process WorkingSet (physical memory assigned to process): 10M, peak: 10M
current process commit charge ("private bytes"): 60M, peak: 314M

vm_info: OpenJDK 64-Bit Server VM (17.0.4.1+7-b469.62) for windows-amd64 JRE (17.0.4.1+7-b469.62), built on 2022-09-22 by "builduser" with MS VC++ 16.10 / 16.11 (VS2019)

END.
